<?xml version="1.0" encoding="UTF-8"?>
<robot generator="Robot 7.2.2 (Python 3.12.2 on win32)" generated="2025-04-08T01:26:57.500037" rpa="false" schemaversion="5">
<suite id="s1" name="TC1 POST Request" source="c:\Users\Arnaud\Documents\Log\robot_entretien2\TestCases\TC1_POST_Request.robot">
<test id="s1-t1" name="Put_LaptopRegistration" line="11">
<kw name="Create Session" owner="RequestsLibrary">
<msg time="2025-04-08T01:26:58.484663" level="INFO">Creating Session using : alias=myssion, url=https://api.restful-api.dev, headers={},                     cookies={}, auth=None, timeout=None, proxies=None, verify=False,                     debug=0 </msg>
<arg>myssion</arg>
<arg>${base_url}</arg>
<doc>Create Session: create a HTTP session to a server</doc>
<status status="PASS" start="2025-04-08T01:26:58.483658" elapsed="0.011012"/>
</kw>
<kw name="Create Dictionary" owner="BuiltIn">
<msg time="2025-04-08T01:26:58.497671" level="INFO">${data} = {'year': '2019', 'price': '1849.99', 'CPU model': 'Intel Core i9', 'Hard disk size': '1 TB'}</msg>
<var>${data}</var>
<arg>year=2019</arg>
<arg>price=1849.99</arg>
<arg>CPU model=Intel Core i9</arg>
<arg>Hard disk size=1 TB</arg>
<doc>Creates and returns a dictionary based on the given ``items``.</doc>
<status status="PASS" start="2025-04-08T01:26:58.496672" elapsed="0.000999"/>
</kw>
<kw name="Create Dictionary" owner="BuiltIn">
<msg time="2025-04-08T01:26:58.501670" level="INFO">${body} = {'name': 'Techno', 'data': {'year': '2019', 'price': '1849.99', 'CPU model': 'Intel Core i9', 'Hard disk size': '1 TB'}}</msg>
<var>${body}</var>
<arg>name=Techno</arg>
<arg>data=${data}</arg>
<doc>Creates and returns a dictionary based on the given ``items``.</doc>
<status status="PASS" start="2025-04-08T01:26:58.500671" elapsed="0.002000"/>
</kw>
<kw name="Create Dictionary" owner="BuiltIn">
<msg time="2025-04-08T01:26:58.505672" level="INFO">${headers} = {'Content-Type': 'application/json'}</msg>
<var>${headers}</var>
<arg>Content-Type=application/json</arg>
<doc>Creates and returns a dictionary based on the given ``items``.</doc>
<status status="PASS" start="2025-04-08T01:26:58.504672" elapsed="0.001000"/>
</kw>
<kw name="POST On Session" owner="RequestsLibrary">
<msg time="2025-04-08T01:26:59.359773" level="INFO">POST Request : url=https://api.restful-api.dev/objects 
 path_url=/objects 
 headers={'User-Agent': 'python-requests/2.32.3', 'Accept-Encoding': 'gzip, deflate', 'Accept': '*/*', 'Connection': 'keep-alive', 'Content-Type': 'application/json', 'Content-Length': '120'} 
 body=b'{"name": "Techno", "data": {"year": "2019", "price": "1849.99", "CPU model": "Intel Core i9", "Hard disk size": "1 TB"}}' 
 </msg>
<msg time="2025-04-08T01:26:59.359773" level="INFO">POST Response : url=https://api.restful-api.dev/objects 
 status=200, reason= 
 headers={'Date': 'Mon, 07 Apr 2025 23:26:59 GMT', 'Content-Type': 'application/json', 'Transfer-Encoding': 'chunked', 'Connection': 'keep-alive', 'Vary': 'Origin, Access-Control-Request-Method, Access-Control-Request-Headers', 'cf-cache-status': 'DYNAMIC', 'Report-To': '{"endpoints":[{"url":"https:\\/\\/a.nel.cloudflare.com\\/report\\/v4?s=G0%2BVldUbFw3kXW0qvGFubrpe2za%2FgCrkJGUvPY5nEjOXAlQhnzfR25wrpMQd86a3cQrqDTwoQhkJ%2BAqtM5pKVtb%2F%2BwCldbNew2ktl3NoOmQ5aCMl4y%2BOW7p0%2B5MaVW2R%2FhPEEr3fuVFpnjfpFEfhrfTx"}],"group":"cf-nel","max_age":604800}', 'NEL': '{"success_fraction":0,"report_to":"cf-nel","max_age":604800}', 'Server': 'cloudflare', 'CF-RAY': '92cd4b02ce7dbb87-CDG', 'Content-Encoding': 'gzip', 'alt-svc': 'h3=":443"; ma=86400', 'server-timing': 'cfL4;desc="?proto=TCP&amp;rtt=5796&amp;min_rtt=5506&amp;rtt_var=2644&amp;sent=5&amp;recv=7&amp;lost=0&amp;retrans=0&amp;sent_bytes=2852&amp;recv_bytes=972&amp;delivery_rate=521339&amp;cwnd=252&amp;unsent_bytes=0&amp;cid=869f2235f0b16f85&amp;ts=659&amp;x=0"'} 
 body={"id":"ff808181932badb6019612941fa6348d","name":"Techno","createdAt":"2025-04-07T23:26:59.494+00:00","data":{"year":"2019","price":"1849.99","CPU model":"Intel Core i9","Hard disk size":"1 TB"}} 
 </msg>
<msg time="2025-04-08T01:26:59.360720" level="INFO">c:\Users\Arnaud\Documents\Log\robot_entretien2\.venv\Lib\site-packages\urllib3\connectionpool.py:1097: InsecureRequestWarning: Unverified HTTPS request is being made to host 'api.restful-api.dev'. Adding certificate verification is strongly advised. See: https://urllib3.readthedocs.io/en/latest/advanced-usage.html#tls-warnings
  warnings.warn(</msg>
<msg time="2025-04-08T01:26:59.364825" level="INFO">${response} = &lt;Response [200]&gt;</msg>
<var>${response}</var>
<arg>myssion</arg>
<arg>/objects</arg>
<arg>json=${body}</arg>
<arg>headers=${headers}</arg>
<doc>Sends a POST request on a previously created HTTP Session.</doc>
<status status="PASS" start="2025-04-08T01:26:58.506673" elapsed="0.859151"/>
</kw>
<kw name="Convert To String" owner="BuiltIn">
<msg time="2025-04-08T01:26:59.370321" level="INFO">${status_code} = 200</msg>
<var>${status_code}</var>
<arg>${response.status_code}</arg>
<doc>Converts the given item to a Unicode string.</doc>
<status status="PASS" start="2025-04-08T01:26:59.367780" elapsed="0.002541"/>
</kw>
<kw name="Log To Console" owner="BuiltIn">
<arg>${status_code}</arg>
<doc>Logs the given message to the console.</doc>
<status status="PASS" start="2025-04-08T01:26:59.374308" elapsed="0.001010"/>
</kw>
<kw name="Log To Console" owner="BuiltIn">
<arg>${response.content}</arg>
<doc>Logs the given message to the console.</doc>
<status status="PASS" start="2025-04-08T01:26:59.377885" elapsed="0.003468"/>
</kw>
<kw name="Should Be Equal" owner="BuiltIn">
<arg>${status_code}</arg>
<arg>200</arg>
<doc>Fails if the given objects are unequal.</doc>
<status status="PASS" start="2025-04-08T01:26:59.383088" elapsed="0.000976"/>
</kw>
<kw name="Should Contain" owner="BuiltIn">
<arg>${response.content}</arg>
<arg>Techno</arg>
<doc>Fails if ``container`` does not contain ``item`` one or more times.</doc>
<status status="PASS" start="2025-04-08T01:26:59.385628" elapsed="0.001003"/>
</kw>
<status status="PASS" start="2025-04-08T01:26:58.481663" elapsed="0.907502"/>
</test>
<status status="PASS" start="2025-04-08T01:26:57.518600" elapsed="1.873079"/>
</suite>
<statistics>
<total>
<stat pass="1" fail="0" skip="0">All Tests</stat>
</total>
<tag>
</tag>
<suite>
<stat name="TC1 POST Request" id="s1" pass="1" fail="0" skip="0">TC1 POST Request</stat>
</suite>
</statistics>
<errors>
</errors>
</robot>
